[debug] [2025-12-17T12:55:55.291Z] ----------------------------------------------------------------------
[debug] [2025-12-17T12:55:55.293Z] Command:       C:\Program Files\nodejs\node.exe C:\Users\Nidhi Gangan\AppData\Roaming\npm\node_modules\firebase-tools\lib\bin\firebase.js login:ci
[debug] [2025-12-17T12:55:55.293Z] CLI Version:   15.0.0
[debug] [2025-12-17T12:55:55.293Z] Platform:      win32
[debug] [2025-12-17T12:55:55.293Z] Node Version:  v24.12.0
[debug] [2025-12-17T12:55:55.293Z] Time:          Wed Dec 17 2025 18:25:55 GMT+0530 (India Standard Time)
[debug] [2025-12-17T12:55:55.293Z] ----------------------------------------------------------------------
[debug] 
[warn] !  Authenticating with a `login:ci` token is deprecated and will be removed in a future major version of `firebase-tools`. Instead, use a service account key with `GOOGLE_APPLICATION_CREDENTIALS`: https://cloud.google.com/docs/authentication/getting-started 
[info] 
[info] Visit this URL on this device to log in:
[info] https://accounts.google.com/o/oauth2/auth?client_id=563584335869-fgrhgmd47bqnekij5i8b5pr03ho849e6.apps.googleusercontent.com&scope=email%20openid%20https%3A%2F%2Fwww.googleapis.com%2Fauth%2Fcloudplatformprojects.readonly%20https%3A%2F%2Fwww.googleapis.com%2Fauth%2Ffirebase%20https%3A%2F%2Fwww.googleapis.com%2Fauth%2Fcloud-platform&response_type=code&state=278837009&redirect_uri=http%3A%2F%2Flocalhost%3A9005
[info] 
[info] Waiting for authentication...
[debug] [2025-12-17T12:55:55.335Z] Error: spawn cmd ENOENT
    at ChildProcess._handle.onexit (node:internal/child_process:286:19)
    at onErrorNT (node:internal/child_process:484:16)
    at process.processTicksAndRejections (node:internal/process/task_queues:89:21)
[error] 
[error] Error: An unexpected error has occurred.
